<?xml version="1.0" encoding="UTF-8"?>
<!-- Generated by org.testng.reporters.JUnitXMLReporter -->
<testsuite ignored="0" hostname="DESKTOP-JUU6CHH" failures="5" tests="9" name="MobileActionsTests" time="34.873" errors="0" timestamp="2025-10-08T22:35:31 IST">
  <testcase classname="appium.TestMobileActions" name="testGestures" time="4.734"/>
  <testcase classname="appium.TestMobileActions" name="testPermissions" time="0.199">
    <failure type="org.openqa.selenium.WebDriverException" message="An unknown server-side error occurred while processing the command. Original error: Cannot execute the &amp;apos;pm grant com.example.app android.permission.CAMERA&amp;apos; shell command. Original error: Command &amp;apos;C:\\Users\\DELL\\AppData\\Local\\Android\\Sdk\\platform-tools\\adb.exe -P 5037 -s BA6HLRAABQYX5TT8 shell &amp;apos;pm grant com.example.app android.permission.CAMERA&amp;apos;&amp;apos; exited with code 1. StdOut: Failure [package not found]
. StdErr: Error: package not found

Build info: version: &amp;apos;4.13.0&amp;apos;, revision: &amp;apos;ba948ece5b*&amp;apos;
System info: os.name: &amp;apos;Windows 11&amp;apos;, os.arch: &amp;apos;amd64&amp;apos;, os.version: &amp;apos;10.0&amp;apos;, java.version: &amp;apos;23.0.1&amp;apos;
Driver info: io.appium.java_client.android.AndroidDriver
Command: [977c8058-00d6-45dc-978f-b0519c5f96ac, executeScript {script=mobile: shell, args=[{command=pm grant com.example.app android.permission.CAMERA}]}]
Capabilities {appium:appActivity: .chatModule.ChatAstrologerl..., appium:appPackage: com.astrotalk, appium:automationName: UIAutomator2, appium:databaseEnabled: false, appium:desired: {appActivity: .chatModule.ChatAstrologerl..., appPackage: com.astrotalk, automationName: UIAutomator2, deviceName: BA6HLRAABQYX5TT8, noReset: true, platformName: ANDROID, platformVersion: 15.0}, appium:deviceApiLevel: 35, appium:deviceManufacturer: realme, appium:deviceModel: RMX3944, appium:deviceName: BA6HLRAABQYX5TT8, appium:deviceScreenDensity: 480, appium:deviceScreenSize: 1080x2400, appium:deviceUDID: BA6HLRAABQYX5TT8, appium:javascriptEnabled: true, appium:locationContextEnabled: false, appium:networkConnectionEnabled: true, appium:noReset: true, appium:pixelRatio: 3, appium:platformVersion: 15, appium:statBarHeight: 110, appium:takesScreenshot: true, appium:viewportRect: {height: 2290, left: 0, top: 110, width: 1080}, appium:warnings: {}, appium:webStorageEnabled: false, platformName: ANDROID}
Session ID: 977c8058-00d6-45dc-978f-b0519c5f96ac">
      <![CDATA[org.openqa.selenium.WebDriverException: An unknown server-side error occurred while processing the command. Original error: Cannot execute the 'pm grant com.example.app android.permission.CAMERA' shell command. Original error: Command 'C:\\Users\\DELL\\AppData\\Local\\Android\\Sdk\\platform-tools\\adb.exe -P 5037 -s BA6HLRAABQYX5TT8 shell 'pm grant com.example.app android.permission.CAMERA'' exited with code 1. StdOut: Failure [package not found]
. StdErr: Error: package not found

Build info: version: '4.13.0', revision: 'ba948ece5b*'
System info: os.name: 'Windows 11', os.arch: 'amd64', os.version: '10.0', java.version: '23.0.1'
Driver info: io.appium.java_client.android.AndroidDriver
Command: [977c8058-00d6-45dc-978f-b0519c5f96ac, executeScript {script=mobile: shell, args=[{command=pm grant com.example.app android.permission.CAMERA}]}]
Capabilities {appium:appActivity: .chatModule.ChatAstrologerl..., appium:appPackage: com.astrotalk, appium:automationName: UIAutomator2, appium:databaseEnabled: false, appium:desired: {appActivity: .chatModule.ChatAstrologerl..., appPackage: com.astrotalk, automationName: UIAutomator2, deviceName: BA6HLRAABQYX5TT8, noReset: true, platformName: ANDROID, platformVersion: 15.0}, appium:deviceApiLevel: 35, appium:deviceManufacturer: realme, appium:deviceModel: RMX3944, appium:deviceName: BA6HLRAABQYX5TT8, appium:deviceScreenDensity: 480, appium:deviceScreenSize: 1080x2400, appium:deviceUDID: BA6HLRAABQYX5TT8, appium:javascriptEnabled: true, appium:locationContextEnabled: false, appium:networkConnectionEnabled: true, appium:noReset: true, appium:pixelRatio: 3, appium:platformVersion: 15, appium:statBarHeight: 110, appium:takesScreenshot: true, appium:viewportRect: {height: 2290, left: 0, top: 110, width: 1080}, appium:warnings: {}, appium:webStorageEnabled: false, platformName: ANDROID}
Session ID: 977c8058-00d6-45dc-978f-b0519c5f96ac
at org.openqa.selenium.remote.codec.w3c.W3CHttpResponseCodec.createException(W3CHttpResponseCodec.java:200)
at org.openqa.selenium.remote.codec.w3c.W3CHttpResponseCodec.decode(W3CHttpResponseCodec.java:133)
at org.openqa.selenium.remote.codec.w3c.W3CHttpResponseCodec.decode(W3CHttpResponseCodec.java:52)
at org.openqa.selenium.remote.HttpCommandExecutor.execute(HttpCommandExecutor.java:191)
at io.appium.java_client.remote.AppiumCommandExecutor.execute(AppiumCommandExecutor.java:250)
at org.openqa.selenium.remote.RemoteWebDriver.execute(RemoteWebDriver.java:602)
at org.openqa.selenium.remote.RemoteWebDriver.executeScript(RemoteWebDriver.java:467)
at appium.MobileActionsComplete.grantPermission(MobileActionsComplete.java:116)
at appium.TestMobileActions.testPermissions(TestMobileActions.java:37)
at java.base/java.util.ArrayList.forEach(ArrayList.java:1597)
... Removed 28 stack frames]]>
    </failure>
  </testcase> <!-- testPermissions -->
  <testcase classname="appium.TestMobileActions" name="testDeviceSettings" time="0.666">
    <failure type="org.openqa.selenium.WebDriverException" message="An unknown server-side error occurred while processing the command. Original error: Cannot execute the &amp;apos;am broadcast -a android.intent.action.AIRPLANE_MODE --ez state true&amp;apos; shell command. Original error: Command &amp;apos;C:\\Users\\DELL\\AppData\\Local\\Android\\Sdk\\platform-tools\\adb.exe -P 5037 -s BA6HLRAABQYX5TT8 shell &amp;apos;am broadcast -a android.intent.action.AIRPLANE_MODE --ez state true&amp;apos;&amp;apos; exited with code 255. StdOut: Broadcasting: Intent { act=android.intent.action.AIRPLANE_MODE flg=0x400000 (has extras) }
. StdErr: 
Exception occurred while executing &amp;apos;broadcast&amp;apos;:
java.lang.SecurityException: Permission Denial: not allowed to send broadcast android.intent.action.AIRPLANE_MODE from pid=5761, uid=2000
	at com.android.server.am.ActivityManagerService.broadcastIntentLockedTraced(ActivityManagerService.java:16867)
	at com.android.server.am.ActivityManagerService.broadcastIntentLocked(ActivityManagerService.java:16608)
	at com.android.server.am.ActivityManagerService.broadcastIntentWithFeature(ActivityManagerService.java:17741)
	at com.android.server.am.ActivityManagerShellCommand.runSendBroadcast(ActivityManagerShellCommand.java:1022)
	at com.android.server.am.ActivityManagerShellCommand.onCommand(ActivityManagerShellCommand.java:282)
	at com.android.modules.utils.BasicShellCommandHandler.exec(BasicShellCommandHandler.java:97)
	at android.os.ShellCommand.exec(ShellCommand.java:38)
	at com.android.server.am.ActivityManagerService.onShellCommand(ActivityManagerService.java:11447)
	at android.os.Binder.shellCommand(Binder.java:1243)
	at android.os.Binder.onTransact(Binder.java:1056)
	at android.app.IActivityManager$Stub.onTransact(IActivityManager.java:5675)
	at com.android.server.am.ActivityManagerService.onTransact(ActivityManagerService.java:3085)
	at android.os.Binder.execTransactInternal(Binder.java:1523)
	at android.os.Binder.execTransact(Binder.java:1457)

Build info: version: &amp;apos;4.13.0&amp;apos;, revision: &amp;apos;ba948ece5b*&amp;apos;
System info: os.name: &amp;apos;Windows 11&amp;apos;, os.arch: &amp;apos;amd64&amp;apos;, os.version: &amp;apos;10.0&amp;apos;, java.version: &amp;apos;23.0.1&amp;apos;
Driver info: io.appium.java_client.android.AndroidDriver
Command: [977c8058-00d6-45dc-978f-b0519c5f96ac, executeScript {script=mobile: shell, args=[{command=am broadcast -a android.intent.action.AIRPLANE_MODE --ez state true}]}]
Capabilities {appium:appActivity: .chatModule.ChatAstrologerl..., appium:appPackage: com.astrotalk, appium:automationName: UIAutomator2, appium:databaseEnabled: false, appium:desired: {appActivity: .chatModule.ChatAstrologerl..., appPackage: com.astrotalk, automationName: UIAutomator2, deviceName: BA6HLRAABQYX5TT8, noReset: true, platformName: ANDROID, platformVersion: 15.0}, appium:deviceApiLevel: 35, appium:deviceManufacturer: realme, appium:deviceModel: RMX3944, appium:deviceName: BA6HLRAABQYX5TT8, appium:deviceScreenDensity: 480, appium:deviceScreenSize: 1080x2400, appium:deviceUDID: BA6HLRAABQYX5TT8, appium:javascriptEnabled: true, appium:locationContextEnabled: false, appium:networkConnectionEnabled: true, appium:noReset: true, appium:pixelRatio: 3, appium:platformVersion: 15, appium:statBarHeight: 110, appium:takesScreenshot: true, appium:viewportRect: {height: 2290, left: 0, top: 110, width: 1080}, appium:warnings: {}, appium:webStorageEnabled: false, platformName: ANDROID}
Session ID: 977c8058-00d6-45dc-978f-b0519c5f96ac">
      <![CDATA[org.openqa.selenium.WebDriverException: An unknown server-side error occurred while processing the command. Original error: Cannot execute the 'am broadcast -a android.intent.action.AIRPLANE_MODE --ez state true' shell command. Original error: Command 'C:\\Users\\DELL\\AppData\\Local\\Android\\Sdk\\platform-tools\\adb.exe -P 5037 -s BA6HLRAABQYX5TT8 shell 'am broadcast -a android.intent.action.AIRPLANE_MODE --ez state true'' exited with code 255. StdOut: Broadcasting: Intent { act=android.intent.action.AIRPLANE_MODE flg=0x400000 (has extras) }
. StdErr: 
Exception occurred while executing 'broadcast':
java.lang.SecurityException: Permission Denial: not allowed to send broadcast android.intent.action.AIRPLANE_MODE from pid=5761, uid=2000
at com.android.server.am.ActivityManagerService.broadcastIntentLockedTraced(ActivityManagerService.java:16867)
at com.android.server.am.ActivityManagerService.broadcastIntentLocked(ActivityManagerService.java:16608)
at com.android.server.am.ActivityManagerService.broadcastIntentWithFeature(ActivityManagerService.java:17741)
at com.android.server.am.ActivityManagerShellCommand.runSendBroadcast(ActivityManagerShellCommand.java:1022)
at com.android.server.am.ActivityManagerShellCommand.onCommand(ActivityManagerShellCommand.java:282)
at com.android.modules.utils.BasicShellCommandHandler.exec(BasicShellCommandHandler.java:97)
at android.os.ShellCommand.exec(ShellCommand.java:38)
at com.android.server.am.ActivityManagerService.onShellCommand(ActivityManagerService.java:11447)
at android.os.Binder.shellCommand(Binder.java:1243)
at android.os.Binder.onTransact(Binder.java:1056)
at android.app.IActivityManager$Stub.onTransact(IActivityManager.java:5675)
at com.android.server.am.ActivityManagerService.onTransact(ActivityManagerService.java:3085)
at android.os.Binder.execTransactInternal(Binder.java:1523)
at android.os.Binder.execTransact(Binder.java:1457)

Build info: version: '4.13.0', revision: 'ba948ece5b*'
System info: os.name: 'Windows 11', os.arch: 'amd64', os.version: '10.0', java.version: '23.0.1'
Driver info: io.appium.java_client.android.AndroidDriver
Command: [977c8058-00d6-45dc-978f-b0519c5f96ac, executeScript {script=mobile: shell, args=[{command=am broadcast -a android.intent.action.AIRPLANE_MODE --ez state true}]}]
Capabilities {appium:appActivity: .chatModule.ChatAstrologerl..., appium:appPackage: com.astrotalk, appium:automationName: UIAutomator2, appium:databaseEnabled: false, appium:desired: {appActivity: .chatModule.ChatAstrologerl..., appPackage: com.astrotalk, automationName: UIAutomator2, deviceName: BA6HLRAABQYX5TT8, noReset: true, platformName: ANDROID, platformVersion: 15.0}, appium:deviceApiLevel: 35, appium:deviceManufacturer: realme, appium:deviceModel: RMX3944, appium:deviceName: BA6HLRAABQYX5TT8, appium:deviceScreenDensity: 480, appium:deviceScreenSize: 1080x2400, appium:deviceUDID: BA6HLRAABQYX5TT8, appium:javascriptEnabled: true, appium:locationContextEnabled: false, appium:networkConnectionEnabled: true, appium:noReset: true, appium:pixelRatio: 3, appium:platformVersion: 15, appium:statBarHeight: 110, appium:takesScreenshot: true, appium:viewportRect: {height: 2290, left: 0, top: 110, width: 1080}, appium:warnings: {}, appium:webStorageEnabled: false, platformName: ANDROID}
Session ID: 977c8058-00d6-45dc-978f-b0519c5f96ac
at org.openqa.selenium.remote.codec.w3c.W3CHttpResponseCodec.createException(W3CHttpResponseCodec.java:200)
at org.openqa.selenium.remote.codec.w3c.W3CHttpResponseCodec.decode(W3CHttpResponseCodec.java:133)
at org.openqa.selenium.remote.codec.w3c.W3CHttpResponseCodec.decode(W3CHttpResponseCodec.java:52)
at org.openqa.selenium.remote.HttpCommandExecutor.execute(HttpCommandExecutor.java:191)
at io.appium.java_client.remote.AppiumCommandExecutor.execute(AppiumCommandExecutor.java:250)
at org.openqa.selenium.remote.RemoteWebDriver.execute(RemoteWebDriver.java:602)
at org.openqa.selenium.remote.RemoteWebDriver.executeScript(RemoteWebDriver.java:467)
at appium.MobileActionsComplete.toggleFlightMode(MobileActionsComplete.java:139)
at appium.TestMobileActions.testDeviceSettings(TestMobileActions.java:48)
at java.base/java.util.ArrayList.forEach(ArrayList.java:1597)
... Removed 28 stack frames]]>
    </failure>
  </testcase> <!-- testDeviceSettings -->
  <testcase classname="appium.TestMobileActions" name="testLockUnlock" time="7.557"/>
  <testcase classname="appium.TestMobileActions" name="testAppBackground" time="4.7"/>
  <testcase classname="appium.TestMobileActions" name="testContextSwitch" time="0.117">
    <failure type="io.appium.java_client.NoSuchContextException" message="No such context found.
Build info: version: &amp;apos;4.13.0&amp;apos;, revision: &amp;apos;ba948ece5b*&amp;apos;
System info: os.name: &amp;apos;Windows 11&amp;apos;, os.arch: &amp;apos;amd64&amp;apos;, os.version: &amp;apos;10.0&amp;apos;, java.version: &amp;apos;23.0.1&amp;apos;
Driver info: io.appium.java_client.android.AndroidDriver
Command: [977c8058-00d6-45dc-978f-b0519c5f96ac, switchToContext {name=WEBVIEW_com.example.app}]
Capabilities {appium:appActivity: .chatModule.ChatAstrologerl..., appium:appPackage: com.astrotalk, appium:automationName: UIAutomator2, appium:databaseEnabled: false, appium:desired: {appActivity: .chatModule.ChatAstrologerl..., appPackage: com.astrotalk, automationName: UIAutomator2, deviceName: BA6HLRAABQYX5TT8, noReset: true, platformName: ANDROID, platformVersion: 15.0}, appium:deviceApiLevel: 35, appium:deviceManufacturer: realme, appium:deviceModel: RMX3944, appium:deviceName: BA6HLRAABQYX5TT8, appium:deviceScreenDensity: 480, appium:deviceScreenSize: 1080x2400, appium:deviceUDID: BA6HLRAABQYX5TT8, appium:javascriptEnabled: true, appium:locationContextEnabled: false, appium:networkConnectionEnabled: true, appium:noReset: true, appium:pixelRatio: 3, appium:platformVersion: 15, appium:statBarHeight: 110, appium:takesScreenshot: true, appium:viewportRect: {height: 2290, left: 0, top: 110, width: 1080}, appium:warnings: {}, appium:webStorageEnabled: false, platformName: ANDROID}
Session ID: 977c8058-00d6-45dc-978f-b0519c5f96ac">
      <![CDATA[io.appium.java_client.NoSuchContextException: No such context found.
Build info: version: '4.13.0', revision: 'ba948ece5b*'
System info: os.name: 'Windows 11', os.arch: 'amd64', os.version: '10.0', java.version: '23.0.1'
Driver info: io.appium.java_client.android.AndroidDriver
Command: [977c8058-00d6-45dc-978f-b0519c5f96ac, switchToContext {name=WEBVIEW_com.example.app}]
Capabilities {appium:appActivity: .chatModule.ChatAstrologerl..., appium:appPackage: com.astrotalk, appium:automationName: UIAutomator2, appium:databaseEnabled: false, appium:desired: {appActivity: .chatModule.ChatAstrologerl..., appPackage: com.astrotalk, automationName: UIAutomator2, deviceName: BA6HLRAABQYX5TT8, noReset: true, platformName: ANDROID, platformVersion: 15.0}, appium:deviceApiLevel: 35, appium:deviceManufacturer: realme, appium:deviceModel: RMX3944, appium:deviceName: BA6HLRAABQYX5TT8, appium:deviceScreenDensity: 480, appium:deviceScreenSize: 1080x2400, appium:deviceUDID: BA6HLRAABQYX5TT8, appium:javascriptEnabled: true, appium:locationContextEnabled: false, appium:networkConnectionEnabled: true, appium:noReset: true, appium:pixelRatio: 3, appium:platformVersion: 15, appium:statBarHeight: 110, appium:takesScreenshot: true, appium:viewportRect: {height: 2290, left: 0, top: 110, width: 1080}, appium:warnings: {}, appium:webStorageEnabled: false, platformName: ANDROID}
Session ID: 977c8058-00d6-45dc-978f-b0519c5f96ac
at io.appium.java_client.remote.SupportsContextSwitching.context(SupportsContextSwitching.java:48)
at appium.MobileActionsComplete.switchToWebView(MobileActionsComplete.java:188)
at appium.TestMobileActions.testContextSwitch(TestMobileActions.java:79)
at java.base/java.util.ArrayList.forEach(ArrayList.java:1597)
Caused by: org.openqa.selenium.WebDriverException: No such context found.
Build info: version: '4.13.0', revision: 'ba948ece5b*'
System info: os.name: 'Windows 11', os.arch: 'amd64', os.version: '10.0', java.version: '23.0.1'
Driver info: io.appium.java_client.android.AndroidDriver
Command: [977c8058-00d6-45dc-978f-b0519c5f96ac, switchToContext {name=WEBVIEW_com.example.app}]
Capabilities {appium:appActivity: .chatModule.ChatAstrologerl..., appium:appPackage: com.astrotalk, appium:automationName: UIAutomator2, appium:databaseEnabled: false, appium:desired: {appActivity: .chatModule.ChatAstrologerl..., appPackage: com.astrotalk, automationName: UIAutomator2, deviceName: BA6HLRAABQYX5TT8, noReset: true, platformName: ANDROID, platformVersion: 15.0}, appium:deviceApiLevel: 35, appium:deviceManufacturer: realme, appium:deviceModel: RMX3944, appium:deviceName: BA6HLRAABQYX5TT8, appium:deviceScreenDensity: 480, appium:deviceScreenSize: 1080x2400, appium:deviceUDID: BA6HLRAABQYX5TT8, appium:javascriptEnabled: true, appium:locationContextEnabled: false, appium:networkConnectionEnabled: true, appium:noReset: true, appium:pixelRatio: 3, appium:platformVersion: 15, appium:statBarHeight: 110, appium:takesScreenshot: true, appium:viewportRect: {height: 2290, left: 0, top: 110, width: 1080}, appium:warnings: {}, appium:webStorageEnabled: false, platformName: ANDROID}
Session ID: 977c8058-00d6-45dc-978f-b0519c5f96ac
at org.openqa.selenium.remote.codec.w3c.W3CHttpResponseCodec.createException(W3CHttpResponseCodec.java:200)
at org.openqa.selenium.remote.codec.w3c.W3CHttpResponseCodec.decode(W3CHttpResponseCodec.java:133)
at org.openqa.selenium.remote.codec.w3c.W3CHttpResponseCodec.decode(W3CHttpResponseCodec.java:52)
at org.openqa.selenium.remote.HttpCommandExecutor.execute(HttpCommandExecutor.java:191)
at io.appium.java_client.remote.AppiumCommandExecutor.execute(AppiumCommandExecutor.java:250)
at org.openqa.selenium.remote.RemoteWebDriver.execute(RemoteWebDriver.java:602)
at org.openqa.selenium.remote.RemoteWebDriver.execute(RemoteWebDriver.java:675)
at io.appium.java_client.AppiumDriver.execute(AppiumDriver.java:308)
at io.appium.java_client.remote.SupportsContextSwitching.context(SupportsContextSwitching.java:45)
... 28 more
... Removed 28 stack frames]]>
    </failure>
  </testcase> <!-- testContextSwitch -->
  <testcase classname="appium.TestMobileActions" name="testRotateScreen" time="2.198">
    <failure type="org.openqa.selenium.InvalidElementStateException" message="Screen rotation cannot be changed to ROTATION_270 after 2000ms. Is it locked programmatically?
Build info: version: &amp;apos;4.13.0&amp;apos;, revision: &amp;apos;ba948ece5b*&amp;apos;
System info: os.name: &amp;apos;Windows 11&amp;apos;, os.arch: &amp;apos;amd64&amp;apos;, os.version: &amp;apos;10.0&amp;apos;, java.version: &amp;apos;23.0.1&amp;apos;
Driver info: io.appium.java_client.android.AndroidDriver
Command: [977c8058-00d6-45dc-978f-b0519c5f96ac, setScreenOrientation {orientation=LANDSCAPE}]
Capabilities {appium:appActivity: .chatModule.ChatAstrologerl..., appium:appPackage: com.astrotalk, appium:automationName: UIAutomator2, appium:databaseEnabled: false, appium:desired: {appActivity: .chatModule.ChatAstrologerl..., appPackage: com.astrotalk, automationName: UIAutomator2, deviceName: BA6HLRAABQYX5TT8, noReset: true, platformName: ANDROID, platformVersion: 15.0}, appium:deviceApiLevel: 35, appium:deviceManufacturer: realme, appium:deviceModel: RMX3944, appium:deviceName: BA6HLRAABQYX5TT8, appium:deviceScreenDensity: 480, appium:deviceScreenSize: 1080x2400, appium:deviceUDID: BA6HLRAABQYX5TT8, appium:javascriptEnabled: true, appium:locationContextEnabled: false, appium:networkConnectionEnabled: true, appium:noReset: true, appium:pixelRatio: 3, appium:platformVersion: 15, appium:statBarHeight: 110, appium:takesScreenshot: true, appium:viewportRect: {height: 2290, left: 0, top: 110, width: 1080}, appium:warnings: {}, appium:webStorageEnabled: false, platformName: ANDROID}
Session ID: 977c8058-00d6-45dc-978f-b0519c5f96ac">
      <![CDATA[org.openqa.selenium.InvalidElementStateException: Screen rotation cannot be changed to ROTATION_270 after 2000ms. Is it locked programmatically?
Build info: version: '4.13.0', revision: 'ba948ece5b*'
System info: os.name: 'Windows 11', os.arch: 'amd64', os.version: '10.0', java.version: '23.0.1'
Driver info: io.appium.java_client.android.AndroidDriver
Command: [977c8058-00d6-45dc-978f-b0519c5f96ac, setScreenOrientation {orientation=LANDSCAPE}]
Capabilities {appium:appActivity: .chatModule.ChatAstrologerl..., appium:appPackage: com.astrotalk, appium:automationName: UIAutomator2, appium:databaseEnabled: false, appium:desired: {appActivity: .chatModule.ChatAstrologerl..., appPackage: com.astrotalk, automationName: UIAutomator2, deviceName: BA6HLRAABQYX5TT8, noReset: true, platformName: ANDROID, platformVersion: 15.0}, appium:deviceApiLevel: 35, appium:deviceManufacturer: realme, appium:deviceModel: RMX3944, appium:deviceName: BA6HLRAABQYX5TT8, appium:deviceScreenDensity: 480, appium:deviceScreenSize: 1080x2400, appium:deviceUDID: BA6HLRAABQYX5TT8, appium:javascriptEnabled: true, appium:locationContextEnabled: false, appium:networkConnectionEnabled: true, appium:noReset: true, appium:pixelRatio: 3, appium:platformVersion: 15, appium:statBarHeight: 110, appium:takesScreenshot: true, appium:viewportRect: {height: 2290, left: 0, top: 110, width: 1080}, appium:warnings: {}, appium:webStorageEnabled: false, platformName: ANDROID}
Session ID: 977c8058-00d6-45dc-978f-b0519c5f96ac
at org.openqa.selenium.remote.codec.w3c.W3CHttpResponseCodec.createException(W3CHttpResponseCodec.java:200)
at org.openqa.selenium.remote.codec.w3c.W3CHttpResponseCodec.decode(W3CHttpResponseCodec.java:133)
at org.openqa.selenium.remote.codec.w3c.W3CHttpResponseCodec.decode(W3CHttpResponseCodec.java:52)
at org.openqa.selenium.remote.HttpCommandExecutor.execute(HttpCommandExecutor.java:191)
at io.appium.java_client.remote.AppiumCommandExecutor.execute(AppiumCommandExecutor.java:250)
at org.openqa.selenium.remote.RemoteWebDriver.execute(RemoteWebDriver.java:602)
at org.openqa.selenium.remote.RemoteWebDriver.execute(RemoteWebDriver.java:675)
at io.appium.java_client.AppiumDriver.execute(AppiumDriver.java:308)
at io.appium.java_client.remote.SupportsRotation.rotate(SupportsRotation.java:46)
at appium.MobileActionsComplete.rotateScreen(MobileActionsComplete.java:197)
at appium.TestMobileActions.testRotateScreen(TestMobileActions.java:86)
at java.base/java.util.ArrayList.forEach(ArrayList.java:1597)
... Removed 28 stack frames]]>
    </failure>
  </testcase> <!-- testRotateScreen -->
  <testcase classname="appium.TestMobileActions" name="testVolumeScreenshotClipboard" time="0.104">
    <failure type="org.openqa.selenium.WebDriverException" message="An unknown server-side error occurred while processing the command. Original error: Cannot execute the &amp;apos;media volume --set 5&amp;apos; shell command. Original error: Command &amp;apos;C:\\Users\\DELL\\AppData\\Local\\Android\\Sdk\\platform-tools\\adb.exe -P 5037 -s BA6HLRAABQYX5TT8 shell &amp;apos;media volume --set 5&amp;apos;&amp;apos; exited with code 127. StdOut: . StdErr: /system/bin/sh: media: inaccessible or not found

Build info: version: &amp;apos;4.13.0&amp;apos;, revision: &amp;apos;ba948ece5b*&amp;apos;
System info: os.name: &amp;apos;Windows 11&amp;apos;, os.arch: &amp;apos;amd64&amp;apos;, os.version: &amp;apos;10.0&amp;apos;, java.version: &amp;apos;23.0.1&amp;apos;
Driver info: io.appium.java_client.android.AndroidDriver
Command: [977c8058-00d6-45dc-978f-b0519c5f96ac, executeScript {script=mobile: shell, args=[{command=media volume --set 5}]}]
Capabilities {appium:appActivity: .chatModule.ChatAstrologerl..., appium:appPackage: com.astrotalk, appium:automationName: UIAutomator2, appium:databaseEnabled: false, appium:desired: {appActivity: .chatModule.ChatAstrologerl..., appPackage: com.astrotalk, automationName: UIAutomator2, deviceName: BA6HLRAABQYX5TT8, noReset: true, platformName: ANDROID, platformVersion: 15.0}, appium:deviceApiLevel: 35, appium:deviceManufacturer: realme, appium:deviceModel: RMX3944, appium:deviceName: BA6HLRAABQYX5TT8, appium:deviceScreenDensity: 480, appium:deviceScreenSize: 1080x2400, appium:deviceUDID: BA6HLRAABQYX5TT8, appium:javascriptEnabled: true, appium:locationContextEnabled: false, appium:networkConnectionEnabled: true, appium:noReset: true, appium:pixelRatio: 3, appium:platformVersion: 15, appium:statBarHeight: 110, appium:takesScreenshot: true, appium:viewportRect: {height: 2290, left: 0, top: 110, width: 1080}, appium:warnings: {}, appium:webStorageEnabled: false, platformName: ANDROID}
Session ID: 977c8058-00d6-45dc-978f-b0519c5f96ac">
      <![CDATA[org.openqa.selenium.WebDriverException: An unknown server-side error occurred while processing the command. Original error: Cannot execute the 'media volume --set 5' shell command. Original error: Command 'C:\\Users\\DELL\\AppData\\Local\\Android\\Sdk\\platform-tools\\adb.exe -P 5037 -s BA6HLRAABQYX5TT8 shell 'media volume --set 5'' exited with code 127. StdOut: . StdErr: /system/bin/sh: media: inaccessible or not found

Build info: version: '4.13.0', revision: 'ba948ece5b*'
System info: os.name: 'Windows 11', os.arch: 'amd64', os.version: '10.0', java.version: '23.0.1'
Driver info: io.appium.java_client.android.AndroidDriver
Command: [977c8058-00d6-45dc-978f-b0519c5f96ac, executeScript {script=mobile: shell, args=[{command=media volume --set 5}]}]
Capabilities {appium:appActivity: .chatModule.ChatAstrologerl..., appium:appPackage: com.astrotalk, appium:automationName: UIAutomator2, appium:databaseEnabled: false, appium:desired: {appActivity: .chatModule.ChatAstrologerl..., appPackage: com.astrotalk, automationName: UIAutomator2, deviceName: BA6HLRAABQYX5TT8, noReset: true, platformName: ANDROID, platformVersion: 15.0}, appium:deviceApiLevel: 35, appium:deviceManufacturer: realme, appium:deviceModel: RMX3944, appium:deviceName: BA6HLRAABQYX5TT8, appium:deviceScreenDensity: 480, appium:deviceScreenSize: 1080x2400, appium:deviceUDID: BA6HLRAABQYX5TT8, appium:javascriptEnabled: true, appium:locationContextEnabled: false, appium:networkConnectionEnabled: true, appium:noReset: true, appium:pixelRatio: 3, appium:platformVersion: 15, appium:statBarHeight: 110, appium:takesScreenshot: true, appium:viewportRect: {height: 2290, left: 0, top: 110, width: 1080}, appium:warnings: {}, appium:webStorageEnabled: false, platformName: ANDROID}
Session ID: 977c8058-00d6-45dc-978f-b0519c5f96ac
at org.openqa.selenium.remote.codec.w3c.W3CHttpResponseCodec.createException(W3CHttpResponseCodec.java:200)
at org.openqa.selenium.remote.codec.w3c.W3CHttpResponseCodec.decode(W3CHttpResponseCodec.java:133)
at org.openqa.selenium.remote.codec.w3c.W3CHttpResponseCodec.decode(W3CHttpResponseCodec.java:52)
at org.openqa.selenium.remote.HttpCommandExecutor.execute(HttpCommandExecutor.java:191)
at io.appium.java_client.remote.AppiumCommandExecutor.execute(AppiumCommandExecutor.java:250)
at org.openqa.selenium.remote.RemoteWebDriver.execute(RemoteWebDriver.java:602)
at org.openqa.selenium.remote.RemoteWebDriver.executeScript(RemoteWebDriver.java:467)
at appium.MobileActionsComplete.adjustVolume(MobileActionsComplete.java:228)
at appium.TestMobileActions.testVolumeScreenshotClipboard(TestMobileActions.java:104)
at java.base/java.util.ArrayList.forEach(ArrayList.java:1597)
... Removed 28 stack frames]]>
    </failure>
  </testcase> <!-- testVolumeScreenshotClipboard -->
  <testcase classname="appium.TestMobileActions" name="testNotificationsBattery" time="0.099"/>
</testsuite> <!-- MobileActionsTests -->
