<?xml version="1.0" encoding="UTF-8"?>
<testng-results ignored="0" total="1" passed="1" failed="0" skipped="0">
  <reporter-output>
  </reporter-output>
  <suite started-at="2025-10-08T23:04:08 IST" name="Default suite" finished-at="2025-10-08T23:05:23 IST" duration-ms="75751">
    <groups>
    </groups>
    <test started-at="2025-10-08T23:04:08 IST" name="Default test" finished-at="2025-10-08T23:05:23 IST" duration-ms="75751">
      <class name="appium.TestMobileActions">
        <test-method is-config="true" signature="setUp()[pri:0, instance:appium.TestMobileActions@f5acb9d]" started-at="2025-10-08T23:04:08 IST" name="setUp" finished-at="2025-10-08T23:04:23 IST" duration-ms="15556" status="PASS">
          <reporter-output>
          </reporter-output>
        </test-method> <!-- setUp -->
        <test-method signature="testGestures()[pri:1, instance:appium.TestMobileActions@f5acb9d]" started-at="2025-10-08T23:04:23 IST" name="testGestures" finished-at="2025-10-08T23:05:23 IST" duration-ms="60139" status="PASS">
          <reporter-output>
          </reporter-output>
        </test-method> <!-- testGestures -->
      </class> <!-- appium.TestMobileActions -->
    </test> <!-- Default test -->
  </suite> <!-- Default suite -->
</testng-results>
