<?xml version="1.0" encoding="UTF-8"?>
<!-- Generated by org.testng.reporters.JUnitReportReporter -->
<testsuite hostname="DESKTOP-JUU6CHH" failures="0" tests="3" name="Day1.GetRequestTest" time="9.664" errors="0" timestamp="2025-10-01T15:38:58 IST" skipped="0">
  <testcase classname="Day1.GetRequestTest" name="testGetPost" time="6.149"/>
  <testcase classname="Day1.GetRequestTest" name="testGetPostreques" time="1.391"/>
  <testcase classname="Day1.GetRequestTest" name="testGetPostrequesT" time="2.124"/>
</testsuite> <!-- Day1.GetRequestTest -->
