<?xml version="1.0" encoding="UTF-8"?>
<!-- Generated by org.testng.reporters.JUnitReportReporter -->
<testsuite hostname="DESKTOP-JUU6CHH" failures="0" tests="10" name="July11.testMethod" time="0.038" errors="0" timestamp="2025-10-01T19:17:33 IST" skipped="0">
  <testcase classname="July11.testMethod" name="testMethod" time="0.002"/>
  <testcase classname="July11.testMethod" name="testMethod" time="0.004"/>
  <testcase classname="July11.testMethod" name="testMethod" time="0.002"/>
  <testcase classname="July11.testMethod" name="testMethod" time="0.001"/>
  <testcase classname="July11.testMethod" name="testMethod" time="0.001"/>
  <testcase classname="July11.testMethod" name="testMethod" time="0.012"/>
  <testcase classname="July11.testMethod" name="testMethod" time="0.003"/>
  <testcase classname="July11.testMethod" name="testMethod" time="0.003"/>
  <testcase classname="July11.testMethod" name="testMethod" time="0.004"/>
  <testcase classname="July11.testMethod" name="testMethod" time="0.006"/>
</testsuite> <!-- July11.testMethod -->
